<?xml version="1.0" encoding="UTF-8"?>
<testsuite xmlns:xsi="http://www.w3.org/2001/XMLSchema-instance" xsi:noNamespaceSchemaLocation="https://maven.apache.org/surefire/maven-surefire-plugin/xsd/surefire-test-report-3.0.xsd" version="3.0" name="br.edu.ifsul.cc.lpoo.estacione.test.TestePersistenciaJPA" time="2.043" tests="1" errors="0" skipped="0" failures="0">
  <properties>
    <property name="sun.desktop" value="windows"/>
    <property name="awt.toolkit" value="sun.awt.windows.WToolkit"/>
    <property name="java.specification.version" value="11"/>
    <property name="sun.cpu.isalist" value="amd64"/>
    <property name="sun.jnu.encoding" value="Cp1252"/>
    <property name="java.class.path" value="C:\Users\Mili\Desktop\ProjetoLPOOE1_Emilia\Estacione\target\test-classes;C:\Users\Mili\Desktop\ProjetoLPOOE1_Emilia\Estacione\target\classes;C:\Users\Mili\.m2\repository\org\hibernate\javax\persistence\hibernate-jpa-2.1-api\1.0.2.Final\hibernate-jpa-2.1-api-1.0.2.Final.jar;C:\Users\Mili\.m2\repository\org\hibernate\hibernate-core\5.3.3.Final\hibernate-core-5.3.3.Final.jar;C:\Users\Mili\.m2\repository\org\jboss\logging\jboss-logging\3.3.2.Final\jboss-logging-3.3.2.Final.jar;C:\Users\Mili\.m2\repository\javax\persistence\javax.persistence-api\2.2\javax.persistence-api-2.2.jar;C:\Users\Mili\.m2\repository\org\javassist\javassist\3.23.1-GA\javassist-3.23.1-GA.jar;C:\Users\Mili\.m2\repository\net\bytebuddy\byte-buddy\1.8.13\byte-buddy-1.8.13.jar;C:\Users\Mili\.m2\repository\antlr\antlr\2.7.7\antlr-2.7.7.jar;C:\Users\Mili\.m2\repository\org\jboss\spec\javax\transaction\jboss-transaction-api_1.2_spec\1.1.1.Final\jboss-transaction-api_1.2_spec-1.1.1.Final.jar;C:\Users\Mili\.m2\repository\org\jboss\jandex\2.0.5.Final\jandex-2.0.5.Final.jar;C:\Users\Mili\.m2\repository\com\fasterxml\classmate\1.3.4\classmate-1.3.4.jar;C:\Users\Mili\.m2\repository\javax\activation\javax.activation-api\1.2.0\javax.activation-api-1.2.0.jar;C:\Users\Mili\.m2\repository\dom4j\dom4j\1.6.1\dom4j-1.6.1.jar;C:\Users\Mili\.m2\repository\org\hibernate\common\hibernate-commons-annotations\5.0.4.Final\hibernate-commons-annotations-5.0.4.Final.jar;C:\Users\Mili\.m2\repository\junit\junit\4.11\junit-4.11.jar;C:\Users\Mili\.m2\repository\org\hamcrest\hamcrest-core\1.3\hamcrest-core-1.3.jar;C:\Users\Mili\.m2\repository\org\postgresql\postgresql\42.2.24\postgresql-42.2.24.jar;C:\Users\Mili\.m2\repository\org\checkerframework\checker-qual\3.5.0\checker-qual-3.5.0.jar;C:\Users\Mili\.m2\repository\org\hibernate\hibernate-entitymanager\4.3.1.Final\hibernate-entitymanager-4.3.1.Final.jar;C:\Users\Mili\.m2\repository\org\jboss\logging\jboss-logging-annotations\1.2.0.Beta1\jboss-logging-annotations-1.2.0.Beta1.jar;C:\Users\Mili\.m2\repository\javax\xml\bind\jaxb-api\2.3.0\jaxb-api-2.3.0.jar;C:\Users\Mili\.m2\repository\org\eclipse\persistence\org.eclipse.persistence.core\2.7.12\org.eclipse.persistence.core-2.7.12.jar;C:\Users\Mili\.m2\repository\org\eclipse\persistence\org.eclipse.persistence.asm\9.4.0\org.eclipse.persistence.asm-9.4.0.jar;C:\Users\Mili\.m2\repository\org\eclipse\persistence\org.eclipse.persistence.antlr\2.7.12\org.eclipse.persistence.antlr-2.7.12.jar;C:\Users\Mili\.m2\repository\org\eclipse\persistence\org.eclipse.persistence.jpa\2.7.12\org.eclipse.persistence.jpa-2.7.12.jar;C:\Users\Mili\.m2\repository\org\eclipse\persistence\org.eclipse.persistence.jpa.jpql\2.7.12\org.eclipse.persistence.jpa.jpql-2.7.12.jar;C:\Users\Mili\.m2\repository\org\eclipse\persistence\org.eclipse.persistence.moxy\2.7.12\org.eclipse.persistence.moxy-2.7.12.jar;C:\Users\Mili\.m2\repository\org\eclipse\persistence\jakarta.persistence\2.2.3\jakarta.persistence-2.2.3.jar;C:\Users\Mili\.m2\repository\org\eclipse\persistence\org.eclipse.persistence.jpa.modelgen.processor\2.7.12\org.eclipse.persistence.jpa.modelgen.processor-2.7.12.jar;"/>
    <property name="java.vm.vendor" value="Oracle Corporation"/>
    <property name="sun.arch.data.model" value="64"/>
    <property name="user.variant" value=""/>
    <property name="java.vendor.url" value="https://openjdk.java.net/"/>
    <property name="user.timezone" value="America/Sao_Paulo"/>
    <property name="java.vm.specification.version" value="11"/>
    <property name="os.name" value="Windows 10"/>
    <property name="user.country" value="BR"/>
    <property name="sun.java.launcher" value="SUN_STANDARD"/>
    <property name="sun.boot.library.path" value="C:\Program Files\Java\jdk-11.0.17\bin"/>
    <property name="sun.java.command" value="C:\Users\Mili\AppData\Local\Temp\surefire16163700228969742449\surefirebooter-20240716190510065_3.jar C:\Users\Mili\AppData\Local\Temp\surefire16163700228969742449 2024-07-16T19-05-09_809-jvmRun1 surefire-20240716190510065_1tmp surefire_0-20240716190510065_2tmp"/>
    <property name="jdk.debug" value="release"/>
    <property name="test" value="br.edu.ifsul.cc.lpoo.estacione.test.TestePersistenciaJPA"/>
    <property name="surefire.test.class.path" value="C:\Users\Mili\Desktop\ProjetoLPOOE1_Emilia\Estacione\target\test-classes;C:\Users\Mili\Desktop\ProjetoLPOOE1_Emilia\Estacione\target\classes;C:\Users\Mili\.m2\repository\org\hibernate\javax\persistence\hibernate-jpa-2.1-api\1.0.2.Final\hibernate-jpa-2.1-api-1.0.2.Final.jar;C:\Users\Mili\.m2\repository\org\hibernate\hibernate-core\5.3.3.Final\hibernate-core-5.3.3.Final.jar;C:\Users\Mili\.m2\repository\org\jboss\logging\jboss-logging\3.3.2.Final\jboss-logging-3.3.2.Final.jar;C:\Users\Mili\.m2\repository\javax\persistence\javax.persistence-api\2.2\javax.persistence-api-2.2.jar;C:\Users\Mili\.m2\repository\org\javassist\javassist\3.23.1-GA\javassist-3.23.1-GA.jar;C:\Users\Mili\.m2\repository\net\bytebuddy\byte-buddy\1.8.13\byte-buddy-1.8.13.jar;C:\Users\Mili\.m2\repository\antlr\antlr\2.7.7\antlr-2.7.7.jar;C:\Users\Mili\.m2\repository\org\jboss\spec\javax\transaction\jboss-transaction-api_1.2_spec\1.1.1.Final\jboss-transaction-api_1.2_spec-1.1.1.Final.jar;C:\Users\Mili\.m2\repository\org\jboss\jandex\2.0.5.Final\jandex-2.0.5.Final.jar;C:\Users\Mili\.m2\repository\com\fasterxml\classmate\1.3.4\classmate-1.3.4.jar;C:\Users\Mili\.m2\repository\javax\activation\javax.activation-api\1.2.0\javax.activation-api-1.2.0.jar;C:\Users\Mili\.m2\repository\dom4j\dom4j\1.6.1\dom4j-1.6.1.jar;C:\Users\Mili\.m2\repository\org\hibernate\common\hibernate-commons-annotations\5.0.4.Final\hibernate-commons-annotations-5.0.4.Final.jar;C:\Users\Mili\.m2\repository\junit\junit\4.11\junit-4.11.jar;C:\Users\Mili\.m2\repository\org\hamcrest\hamcrest-core\1.3\hamcrest-core-1.3.jar;C:\Users\Mili\.m2\repository\org\postgresql\postgresql\42.2.24\postgresql-42.2.24.jar;C:\Users\Mili\.m2\repository\org\checkerframework\checker-qual\3.5.0\checker-qual-3.5.0.jar;C:\Users\Mili\.m2\repository\org\hibernate\hibernate-entitymanager\4.3.1.Final\hibernate-entitymanager-4.3.1.Final.jar;C:\Users\Mili\.m2\repository\org\jboss\logging\jboss-logging-annotations\1.2.0.Beta1\jboss-logging-annotations-1.2.0.Beta1.jar;C:\Users\Mili\.m2\repository\javax\xml\bind\jaxb-api\2.3.0\jaxb-api-2.3.0.jar;C:\Users\Mili\.m2\repository\org\eclipse\persistence\org.eclipse.persistence.core\2.7.12\org.eclipse.persistence.core-2.7.12.jar;C:\Users\Mili\.m2\repository\org\eclipse\persistence\org.eclipse.persistence.asm\9.4.0\org.eclipse.persistence.asm-9.4.0.jar;C:\Users\Mili\.m2\repository\org\eclipse\persistence\org.eclipse.persistence.antlr\2.7.12\org.eclipse.persistence.antlr-2.7.12.jar;C:\Users\Mili\.m2\repository\org\eclipse\persistence\org.eclipse.persistence.jpa\2.7.12\org.eclipse.persistence.jpa-2.7.12.jar;C:\Users\Mili\.m2\repository\org\eclipse\persistence\org.eclipse.persistence.jpa.jpql\2.7.12\org.eclipse.persistence.jpa.jpql-2.7.12.jar;C:\Users\Mili\.m2\repository\org\eclipse\persistence\org.eclipse.persistence.moxy\2.7.12\org.eclipse.persistence.moxy-2.7.12.jar;C:\Users\Mili\.m2\repository\org\eclipse\persistence\jakarta.persistence\2.2.3\jakarta.persistence-2.2.3.jar;C:\Users\Mili\.m2\repository\org\eclipse\persistence\org.eclipse.persistence.jpa.modelgen.processor\2.7.12\org.eclipse.persistence.jpa.modelgen.processor-2.7.12.jar;"/>
    <property name="sun.cpu.endian" value="little"/>
    <property name="user.home" value="C:\Users\Mili"/>
    <property name="user.language" value="pt"/>
    <property name="java.specification.vendor" value="Oracle Corporation"/>
    <property name="java.version.date" value="2022-10-18"/>
    <property name="java.home" value="C:\Program Files\Java\jdk-11.0.17"/>
    <property name="file.separator" value="\"/>
    <property name="basedir" value="C:\Users\Mili\Desktop\ProjetoLPOOE1_Emilia\Estacione"/>
    <property name="java.vm.compressedOopsMode" value="Zero based"/>
    <property name="line.separator" value="&#10;"/>
    <property name="java.specification.name" value="Java Platform API Specification"/>
    <property name="java.vm.specification.vendor" value="Oracle Corporation"/>
    <property name="java.awt.graphicsenv" value="sun.awt.Win32GraphicsEnvironment"/>
    <property name="surefire.real.class.path" value="C:\Users\Mili\AppData\Local\Temp\surefire16163700228969742449\surefirebooter-20240716190510065_3.jar"/>
    <property name="user.script" value=""/>
    <property name="sun.management.compiler" value="HotSpot 64-Bit Tiered Compilers"/>
    <property name="java.runtime.version" value="11.0.17+10-LTS-269"/>
    <property name="user.name" value="Mili"/>
    <property name="path.separator" value=";"/>
    <property name="os.version" value="10.0"/>
    <property name="java.runtime.name" value="Java(TM) SE Runtime Environment"/>
    <property name="file.encoding" value="UTF-8"/>
    <property name="java.vm.name" value="Java HotSpot(TM) 64-Bit Server VM"/>
    <property name="java.vendor.version" value="18.9"/>
    <property name="maven.ext.class.path" value="C:\Program Files\NetBeans-18\netbeans\java\maven-nblib\netbeans-eventspy.jar"/>
    <property name="localRepository" value="C:\Users\Mili\.m2\repository"/>
    <property name="java.vendor.url.bug" value="https://bugreport.java.com/bugreport/"/>
    <property name="java.io.tmpdir" value="C:\Users\Mili\AppData\Local\Temp\"/>
    <property name="java.version" value="11.0.17"/>
    <property name="user.dir" value="C:\Users\Mili\Desktop\ProjetoLPOOE1_Emilia\Estacione"/>
    <property name="os.arch" value="amd64"/>
    <property name="java.vm.specification.name" value="Java Virtual Machine Specification"/>
    <property name="java.awt.printerjob" value="sun.awt.windows.WPrinterJob"/>
    <property name="sun.os.patch.level" value=""/>
    <property name="java.library.path" value="C:\Program Files\Java\jdk-11.0.17\bin;C:\Windows\Sun\Java\bin;C:\Windows\system32;C:\Windows;C:\Program Files\Common Files\Oracle\Java\javapath;C:\Python311\Scripts\;C:\Python311\;C:\Windows\system32;C:\Windows;C:\Windows\System32\Wbem;C:\Windows\System32\WindowsPowerShell\v1.0\;C:\Windows\System32\OpenSSH\;C:\Program Files\nodejs\;C:\ProgramData\chocolatey\bin;C:\Program Files\Git\cmd;C:\Program Files\Git\bin;C:\MinGW\bin;C:\Users\Mili\AppData\Local\Microsoft\WindowsApps;C:\Users\Mili\AppData\Local\Programs\Microsoft VS Code\bin;C:\Users\Mili\AppData\Roaming\npm;C:\Users\Mili\Documents\dev\flutter\bin;C:\MinGW\bin;C:\Program Files\Graphviz\bin;."/>
    <property name="java.vendor" value="Oracle Corporation"/>
    <property name="java.vm.info" value="mixed mode"/>
    <property name="java.vm.version" value="11.0.17+10-LTS-269"/>
    <property name="sun.io.unicode.encoding" value="UnicodeLittle"/>
    <property name="java.class.version" value="55.0"/>
  </properties>
  <testcase name="testeEstacione" classname="br.edu.ifsul.cc.lpoo.estacione.test.TestePersistenciaJPA" time="0.065">
    <system-out><![CDATA[Hibernate: alter table tb_carro drop constraint FKdmdqx2ko17p9kv4o12ppon58g
Hibernate: alter table tb_ticket drop constraint FKae76e4llvh3yvamn13fqkhjom
Hibernate: alter table tb_vaga drop constraint FK8rcp9sumhxpnwr53f910269qk
Hibernate: alter table tb_vaga drop constraint FKboogargc42vuo369ky7b7a8yu
Hibernate: drop table if exists tb_carro cascade
Hibernate: drop table if exists tb_estacionamento cascade
Hibernate: drop table if exists tb_ticket cascade
Hibernate: drop table if exists tb_vaga cascade
Hibernate: drop sequence if exists hibernate_sequence
Hibernate: create sequence hibernate_sequence start 1 increment 1
Hibernate: create table tb_carro (id int4 not null, cor varchar(30) not null, modelo varchar(20) not null, placa varchar(7) not null, estacionamento_id int4, primary key (id))
Hibernate: create table tb_estacionamento (id int4 not null, capacidade_veiculos int4 not null, nome_estacionamento varchar(60) not null, primary key (id))
Hibernate: create table tb_ticket (id int4 not null, hora_entrada int4 not null, hora_saida int4 not null, numero_ticket int4 not null, valor_hora decimal(12,2), valor_total decimal(12,2), carro_id int4, primary key (id))
Hibernate: create table tb_vaga (id int4 not null, vaga_disponivel boolean not null, numero_vaga int4 not null, carro_id int4, estacionamento_id int4, primary key (id))
Hibernate: alter table tb_carro add constraint FKdmdqx2ko17p9kv4o12ppon58g foreign key (estacionamento_id) references tb_estacionamento
Hibernate: alter table tb_ticket add constraint FKae76e4llvh3yvamn13fqkhjom foreign key (carro_id) references tb_carro
Hibernate: alter table tb_vaga add constraint FK8rcp9sumhxpnwr53f910269qk foreign key (carro_id) references tb_carro
Hibernate: alter table tb_vaga add constraint FKboogargc42vuo369ky7b7a8yu foreign key (estacionamento_id) references tb_estacionamento
Hibernate: select nextval ('hibernate_sequence')
Hibernate: insert into tb_estacionamento (capacidade_veiculos, nome_estacionamento, id) values (?, ?, ?)
Hibernate: select nextval ('hibernate_sequence')
Hibernate: insert into tb_carro (cor, estacionamento_id, modelo, placa, id) values (?, ?, ?, ?, ?)
Hibernate: select nextval ('hibernate_sequence')
Hibernate: insert into tb_carro (cor, estacionamento_id, modelo, placa, id) values (?, ?, ?, ?, ?)
Hibernate: select nextval ('hibernate_sequence')
Hibernate: insert into tb_carro (cor, estacionamento_id, modelo, placa, id) values (?, ?, ?, ?, ?)
Hibernate: select nextval ('hibernate_sequence')
Hibernate: insert into tb_vaga (carro_id, vaga_disponivel, estacionamento_id, numero_vaga, id) values (?, ?, ?, ?, ?)
Hibernate: select nextval ('hibernate_sequence')
Hibernate: insert into tb_vaga (carro_id, vaga_disponivel, estacionamento_id, numero_vaga, id) values (?, ?, ?, ?, ?)
Hibernate: select nextval ('hibernate_sequence')
Hibernate: insert into tb_vaga (carro_id, vaga_disponivel, estacionamento_id, numero_vaga, id) values (?, ?, ?, ?, ?)
Hibernate: select nextval ('hibernate_sequence')
Hibernate: insert into tb_vaga (carro_id, vaga_disponivel, estacionamento_id, numero_vaga, id) values (?, ?, ?, ?, ?)
Hibernate: select nextval ('hibernate_sequence')
Hibernate: insert into tb_ticket (carro_id, hora_entrada, hora_saida, numero_ticket, valor_hora, valor_total, id) values (?, ?, ?, ?, ?, ?, ?)
Hibernate: select nextval ('hibernate_sequence')
Hibernate: insert into tb_ticket (carro_id, hora_entrada, hora_saida, numero_ticket, valor_hora, valor_total, id) values (?, ?, ?, ?, ?, ?, ?)
Hibernate: select nextval ('hibernate_sequence')
Hibernate: insert into tb_ticket (carro_id, hora_entrada, hora_saida, numero_ticket, valor_hora, valor_total, id) values (?, ?, ?, ?, ?, ?, ?)
Hibernate: select vaga0_.id as id1_3_, vaga0_.carro_id as carro_id4_3_, vaga0_.vaga_disponivel as vaga_dis2_3_, vaga0_.estacionamento_id as estacion5_3_, vaga0_.numero_vaga as numero_v3_3_ from tb_vaga vaga0_ order by vaga0_.id asc
Número da vaga: 10
Vaga disponível: false
Número da vaga: 11
Vaga disponível: false
Número da vaga: 12
Vaga disponível: false
Número da vaga: 13
Vaga disponível: true
Qual é a primeira vaga disponível: 13
]]></system-out>
    <system-err><![CDATA[jul 16, 2024 7:05:10 PM org.hibernate.ejb.HibernatePersistence logDeprecation
WARN: HHH015016: Encountered a deprecated javax.persistence.spi.PersistenceProvider [org.hibernate.ejb.HibernatePersistence]; use [org.hibernate.jpa.HibernatePersistenceProvider] instead.
jul 16, 2024 7:05:10 PM org.hibernate.ejb.HibernatePersistence logDeprecation
WARN: HHH015016: Encountered a deprecated javax.persistence.spi.PersistenceProvider [org.hibernate.ejb.HibernatePersistence]; use [org.hibernate.jpa.HibernatePersistenceProvider] instead.
jul 16, 2024 7:05:10 PM org.hibernate.jpa.internal.util.LogHelper logPersistenceUnitInformation
INFO: HHH000204: Processing PersistenceUnitInfo [
	name: pu_Estacione
	...]
jul 16, 2024 7:05:10 PM org.hibernate.Version logVersion
INFO: HHH000412: Hibernate Core {5.3.3.Final}
jul 16, 2024 7:05:10 PM org.hibernate.cfg.Environment <clinit>
INFO: HHH000206: hibernate.properties not found
jul 16, 2024 7:05:10 PM org.hibernate.annotations.common.reflection.java.JavaReflectionManager <clinit>
INFO: HCANN000001: Hibernate Commons Annotations {5.0.4.Final}
jul 16, 2024 7:05:11 PM org.hibernate.engine.jdbc.connections.internal.DriverManagerConnectionProviderImpl configure
WARN: HHH10001002: Using Hibernate built-in connection pool (not for production use!)
jul 16, 2024 7:05:11 PM org.hibernate.engine.jdbc.connections.internal.DriverManagerConnectionProviderImpl buildCreator
INFO: HHH10001005: using driver [org.postgresql.Driver] at URL [jdbc:postgresql://localhost:5432/ProjetoLPOOE1_Emilia]
jul 16, 2024 7:05:11 PM org.hibernate.engine.jdbc.connections.internal.DriverManagerConnectionProviderImpl buildCreator
INFO: HHH10001001: Connection properties: {password=****, user=postgres}
jul 16, 2024 7:05:11 PM org.hibernate.engine.jdbc.connections.internal.DriverManagerConnectionProviderImpl buildCreator
INFO: HHH10001003: Autocommit mode: false
jul 16, 2024 7:05:11 PM org.hibernate.engine.jdbc.connections.internal.DriverManagerConnectionProviderImpl$PooledConnections <init>
INFO: HHH000115: Hibernate connection pool size: 20 (min=1)
jul 16, 2024 7:05:11 PM org.hibernate.dialect.Dialect <init>
INFO: HHH000400: Using dialect: org.hibernate.dialect.PostgreSQLDialect
jul 16, 2024 7:05:11 PM org.hibernate.engine.jdbc.env.internal.LobCreatorBuilderImpl useContextualLobCreation
INFO: HHH000424: Disabling contextual LOB creation as createClob() method threw error : java.lang.reflect.InvocationTargetException
jul 16, 2024 7:05:11 PM org.hibernate.type.BasicTypeRegistry register
INFO: HHH000270: Type registration [java.util.UUID] overrides previous : org.hibernate.type.UUIDBinaryType@30e92cb9
jul 16, 2024 7:05:12 PM org.hibernate.resource.transaction.backend.jdbc.internal.DdlTransactionIsolatorNonJtaImpl getIsolatedConnection
INFO: HHH10001501: Connection obtained from JdbcConnectionAccess [org.hibernate.engine.jdbc.env.internal.JdbcEnvironmentInitiator$ConnectionProviderJdbcConnectionAccess@28a9494b] for (non-JTA) DDL execution was not in auto-commit mode; the Connection 'local transaction' will be committed and the Connection will be set into auto-commit mode.
jul 16, 2024 7:05:12 PM org.hibernate.resource.transaction.backend.jdbc.internal.DdlTransactionIsolatorNonJtaImpl getIsolatedConnection
INFO: HHH10001501: Connection obtained from JdbcConnectionAccess [org.hibernate.engine.jdbc.env.internal.JdbcEnvironmentInitiator$ConnectionProviderJdbcConnectionAccess@726934e2] for (non-JTA) DDL execution was not in auto-commit mode; the Connection 'local transaction' will be committed and the Connection will be set into auto-commit mode.
jul 16, 2024 7:05:12 PM org.hibernate.tool.schema.internal.SchemaCreatorImpl applyImportSources
INFO: HHH000476: Executing import script 'org.hibernate.tool.schema.internal.exec.ScriptSourceInputNonExistentImpl@77f991c'
jul 16, 2024 7:05:12 PM org.hibernate.hql.internal.QueryTranslatorFactoryInitiator initiateService
INFO: HHH000397: Using ASTQueryTranslatorFactory
]]></system-err>
  </testcase>
</testsuite>